<?xml version="1.0" encoding="UTF-8"?>
<testsuite xmlns:xsi="http://www.w3.org/2001/XMLSchema-instance" xsi:noNamespaceSchemaLocation="https://maven.apache.org/surefire/maven-surefire-plugin/xsd/surefire-test-report-3.0.xsd" version="3.0" name="com.apps.quantitymeasurement.QuantityMeasurementAppTest" time="0.019" tests="7" errors="0" skipped="0" failures="0">
  <properties>
[...]
</properties>
  <testcase name="testFeetInchesComparison" classname="com.apps.quantitymeasurement.QuantityMeasurementAppTest" time="0.008"/>
  <testcase name="testInchesInequality" classname="com.apps.quantitymeasurement.QuantityMeasurementAppTest" time="0.001"/>
  <testcase name="testFeetEquality" classname="com.apps.quantitymeasurement.QuantityMeasurementAppTest" time="0.001"/>
  <testcase name="testFeetInequality" classname="com.apps.quantitymeasurement.QuantityMeasurementAppTest" time="0"/>
  <testcase name="testCrossUnitInequality" classname="com.apps.quantitymeasurement.QuantityMeasurementAppTest" time="0"/>
  <testcase name="testMultipleFeetComparison" classname="com.apps.quantitymeasurement.QuantityMeasurementAppTest" time="0.001"/>
  <testcase name="testInchesEquality" classname="com.apps.quantitymeasurement.QuantityMeasurementAppTest" time="0"/>
</testsuite>